<?xml version="1.0" encoding="UTF-8"?>
<!-- Generated by org.testng.reporters.JUnitReportReporter -->
<testsuite skipped="0" hostname="LAPTOP-MAA5G2TJ" name="LoginAutomation" tests="1" failures="0" timestamp="2022-10-07T15:57:08 IST" time="16.884" errors="0">
  <testcase name="login" time="16.884" classname="LoginAutomation"/>
</testsuite> <!-- LoginAutomation -->
